flannel ouputs for iperf traffic between kubernetes pods in 2 nodes
___________________________________________________________________________
Server output for throughput test 1:
------------------------------------------------------------
Server listening on TCP port 5001
TCP window size: 85.3 KByte (default)
------------------------------------------------------------
[  4] local 172.16.1.13 port 5001 connected with 172.16.2.14 port 53094
[ ID] Interval       Transfer     Bandwidth
[  4]  0.0-300.0 sec  73.5 GBytes  2.10 Gbits/sec


Client output for throughput test 1:
------------------------------------------------------------
Client connecting to iperf-overlay-server, TCP port 5001
TCP window size: 45.0 KByte (default)
------------------------------------------------------------
[  3] local 172.16.2.14 port 53094 connected with 10.110.60.1 port 5001
[ ID] Interval       Transfer     Bandwidth
[  3]  0.0-300.0 sec  73.5 GBytes  2.10 Gbits/sec
[  3]  0.0-300.0 sec  73.5 GBytes  2.10 Gbits/sec


___________________________________________________________________________
Server output for throughput test 2:
------------------------------------------------------------
Server listening on TCP port 5001
TCP window size: 85.3 KByte (default)
------------------------------------------------------------
[  4] local 172.16.2.15 port 5001 connected with 172.16.1.14 port 56688
[ ID] Interval       Transfer     Bandwidth
[  4]  0.0-300.0 sec  77.4 GBytes  2.22 Gbits/sec


Client output for throughput test 2:
------------------------------------------------------------
Client connecting to iperf-overlay-server, TCP port 5001
TCP window size: 45.0 KByte (default)
------------------------------------------------------------
[  3] local 172.16.1.14 port 56688 connected with 10.108.35.144 port 5001
[ ID] Interval       Transfer     Bandwidth
[  3]  0.0-300.0 sec  77.4 GBytes  2.22 Gbits/sec
[  3]  0.0-300.0 sec  77.4 GBytes  2.22 Gbits/sec


___________________________________________________________________________
Server output for throughput test 3:
------------------------------------------------------------
Server listening on TCP port 5001
TCP window size: 85.3 KByte (default)
------------------------------------------------------------
[  4] local 172.16.1.15 port 5001 connected with 172.16.2.16 port 34722
[ ID] Interval       Transfer     Bandwidth
[  4]  0.0-300.0 sec  73.6 GBytes  2.11 Gbits/sec


Client output for throughput test 3:
------------------------------------------------------------
Client connecting to iperf-overlay-server, TCP port 5001
TCP window size: 45.0 KByte (default)
------------------------------------------------------------
[  3] local 172.16.2.16 port 34722 connected with 10.100.41.255 port 5001
[ ID] Interval       Transfer     Bandwidth
[  3]  0.0-300.0 sec  73.6 GBytes  2.11 Gbits/sec
[  3]  0.0-300.0 sec  73.6 GBytes  2.11 Gbits/sec


___________________________________________________________________________
Server output for throughput test 4:
------------------------------------------------------------
Server listening on TCP port 5001
TCP window size: 85.3 KByte (default)
------------------------------------------------------------
[  4] local 172.16.2.17 port 5001 connected with 172.16.1.16 port 50206
[ ID] Interval       Transfer     Bandwidth
[  4]  0.0-300.0 sec  75.0 GBytes  2.15 Gbits/sec


Client output for throughput test 4:
------------------------------------------------------------
Client connecting to iperf-overlay-server, TCP port 5001
TCP window size: 45.0 KByte (default)
------------------------------------------------------------
[  3] local 172.16.1.16 port 50206 connected with 10.109.226.11 port 5001
[ ID] Interval       Transfer     Bandwidth
[  3]  0.0-300.0 sec  75.0 GBytes  2.15 Gbits/sec
[  3]  0.0-300.0 sec  75.0 GBytes  2.15 Gbits/sec


___________________________________________________________________________
Server output for throughput test 5:
------------------------------------------------------------
Server listening on TCP port 5001
TCP window size: 85.3 KByte (default)
------------------------------------------------------------
[  4] local 172.16.1.17 port 5001 connected with 172.16.2.18 port 53918
[ ID] Interval       Transfer     Bandwidth
[  4]  0.0-300.0 sec  74.9 GBytes  2.14 Gbits/sec


Client output for throughput test 5:
------------------------------------------------------------
Client connecting to iperf-overlay-server, TCP port 5001
TCP window size: 45.0 KByte (default)
------------------------------------------------------------
[  3] local 172.16.2.18 port 53918 connected with 10.111.203.181 port 5001
[ ID] Interval       Transfer     Bandwidth
[  3]  0.0-300.0 sec  74.9 GBytes  2.14 Gbits/sec
[  3]  0.0-300.0 sec  74.9 GBytes  2.14 Gbits/sec


___________________________________________________________________________
Server output for throughput test 6:
------------------------------------------------------------
Server listening on TCP port 5001
TCP window size: 85.3 KByte (default)
------------------------------------------------------------
[  4] local 172.16.1.18 port 5001 connected with 172.16.2.19 port 40820
[ ID] Interval       Transfer     Bandwidth
[  4]  0.0-300.0 sec  74.0 GBytes  2.12 Gbits/sec


Client output for throughput test 6:
------------------------------------------------------------
Client connecting to iperf-overlay-server, TCP port 5001
TCP window size: 45.0 KByte (default)
------------------------------------------------------------
[  3] local 172.16.2.19 port 40820 connected with 10.101.23.193 port 5001
[ ID] Interval       Transfer     Bandwidth
[  3]  0.0-300.0 sec  74.0 GBytes  2.12 Gbits/sec
[  3]  0.0-300.0 sec  74.0 GBytes  2.12 Gbits/sec


___________________________________________________________________________
Server output for throughput test 7:
------------------------------------------------------------
Server listening on TCP port 5001
TCP window size: 85.3 KByte (default)
------------------------------------------------------------
[  4] local 172.16.1.19 port 5001 connected with 172.16.2.20 port 33456
[ ID] Interval       Transfer     Bandwidth
[  4]  0.0-300.0 sec  74.7 GBytes  2.14 Gbits/sec


Client output for throughput test 7:
------------------------------------------------------------
Client connecting to iperf-overlay-server, TCP port 5001
TCP window size: 45.0 KByte (default)
------------------------------------------------------------
[  3] local 172.16.2.20 port 33456 connected with 10.97.232.114 port 5001
[ ID] Interval       Transfer     Bandwidth
[  3]  0.0-300.0 sec  74.7 GBytes  2.14 Gbits/sec
[  3]  0.0-300.0 sec  74.7 GBytes  2.14 Gbits/sec


___________________________________________________________________________
Server output for throughput test 8:
------------------------------------------------------------
Server listening on TCP port 5001
TCP window size: 85.3 KByte (default)
------------------------------------------------------------
[  4] local 172.16.2.21 port 5001 connected with 172.16.1.20 port 37134
[ ID] Interval       Transfer     Bandwidth
[  4]  0.0-300.0 sec  77.2 GBytes  2.21 Gbits/sec


Client output for throughput test 8:
------------------------------------------------------------
Client connecting to iperf-overlay-server, TCP port 5001
TCP window size: 45.0 KByte (default)
------------------------------------------------------------
[  3] local 172.16.1.20 port 37134 connected with 10.108.147.122 port 5001
[ ID] Interval       Transfer     Bandwidth
[  3]  0.0-300.0 sec  77.2 GBytes  2.21 Gbits/sec
[  3]  0.0-300.0 sec  77.2 GBytes  2.21 Gbits/sec


___________________________________________________________________________
Server output for throughput test 9:
------------------------------------------------------------
Server listening on TCP port 5001
TCP window size: 85.3 KByte (default)
------------------------------------------------------------
[  4] local 172.16.2.22 port 5001 connected with 172.16.1.21 port 48994
[ ID] Interval       Transfer     Bandwidth
[  4]  0.0-300.0 sec  77.5 GBytes  2.22 Gbits/sec


Client output for throughput test 9:
------------------------------------------------------------
Client connecting to iperf-overlay-server, TCP port 5001
TCP window size: 45.0 KByte (default)
------------------------------------------------------------
[  3] local 172.16.1.21 port 48994 connected with 10.102.35.32 port 5001
[ ID] Interval       Transfer     Bandwidth
[  3]  0.0-300.0 sec  77.5 GBytes  2.22 Gbits/sec
[  3]  0.0-300.0 sec  77.5 GBytes  2.22 Gbits/sec


___________________________________________________________________________
Server output for throughput test 10:
------------------------------------------------------------
Server listening on TCP port 5001
TCP window size: 85.3 KByte (default)
------------------------------------------------------------
[  4] local 172.16.1.22 port 5001 connected with 172.16.2.23 port 38478
[ ID] Interval       Transfer     Bandwidth
[  4]  0.0-300.0 sec  74.7 GBytes  2.14 Gbits/sec


Client output for throughput test 10:
------------------------------------------------------------
Client connecting to iperf-overlay-server, TCP port 5001
TCP window size: 45.0 KByte (default)
------------------------------------------------------------
[  3] local 172.16.2.23 port 38478 connected with 10.103.169.176 port 5001
[ ID] Interval       Transfer     Bandwidth
[  3]  0.0-300.0 sec  74.7 GBytes  2.14 Gbits/sec
[  3]  0.0-300.0 sec  74.7 GBytes  2.14 Gbits/sec


