pod/iperf-overlay-server created
service/iperf-overlay-server created
job.batch/iperf-overlay-client created
job.batch "iperf-overlay-client" deleted
pod "iperf-overlay-server" deleted
service "iperf-overlay-server" deleted
pod/iperf-overlay-server created
service/iperf-overlay-server created
job.batch/iperf-overlay-client created
job.batch "iperf-overlay-client" deleted
pod "iperf-overlay-server" deleted
service "iperf-overlay-server" deleted
pod/iperf-overlay-server created
service/iperf-overlay-server created
job.batch/iperf-overlay-client created
job.batch "iperf-overlay-client" deleted
pod "iperf-overlay-server" deleted
service "iperf-overlay-server" deleted
pod/iperf-overlay-server created
service/iperf-overlay-server created
job.batch/iperf-overlay-client created
job.batch "iperf-overlay-client" deleted
pod "iperf-overlay-server" deleted
service "iperf-overlay-server" deleted
pod/iperf-overlay-server created
service/iperf-overlay-server created
job.batch/iperf-overlay-client created
job.batch "iperf-overlay-client" deleted
pod "iperf-overlay-server" deleted
service "iperf-overlay-server" deleted
pod/iperf-overlay-server created
service/iperf-overlay-server created
job.batch/iperf-overlay-client created
job.batch "iperf-overlay-client" deleted
pod "iperf-overlay-server" deleted
service "iperf-overlay-server" deleted
pod/iperf-overlay-server created
service/iperf-overlay-server created
job.batch/iperf-overlay-client created
job.batch "iperf-overlay-client" deleted
pod "iperf-overlay-server" deleted
service "iperf-overlay-server" deleted
pod/iperf-overlay-server created
service/iperf-overlay-server created
job.batch/iperf-overlay-client created
job.batch "iperf-overlay-client" deleted
pod "iperf-overlay-server" deleted
service "iperf-overlay-server" deleted
pod/iperf-overlay-server created
service/iperf-overlay-server created
job.batch/iperf-overlay-client created
job.batch "iperf-overlay-client" deleted
pod "iperf-overlay-server" deleted
service "iperf-overlay-server" deleted
pod/iperf-overlay-server created
service/iperf-overlay-server created
job.batch/iperf-overlay-client created
job.batch "iperf-overlay-client" deleted
pod "iperf-overlay-server" deleted
service "iperf-overlay-server" deleted
